<?xml version='1.0' encoding='UTF-8'?>
<testsuite hostname="LAPTOP-F0GMDFRG" name="com.qbrainx.demotest.CalculatorTest" tests="7" errors="0" failures="0" skipped="0" time="0.098" timestamp="2022-03-25T10:19:14">
          <properties>
[...]
</properties>
          <testcase classname="com.qbrainx.demotest.CalculatorTest" name="Addition ==== TEST CASE PASSED " time="0.073">
                      
                    </testcase><testcase classname="com.qbrainx.demotest.CalculatorTest" name="Subtraction  ==== TEST CASE PASSED " time="0.004">
                      
                    </testcase><testcase classname="com.qbrainx.demotest.CalculatorTest" name="Multiplication - equals  ==== TEST CASE PASSED " time="0.006">
                      
                    </testcase><testcase classname="com.qbrainx.demotest.CalculatorTest" name="Divide - equals   ==== TEST CASE PASSED " time="0.008">
                      
                    </testcase><testcase classname="com.qbrainx.demotest.CalculatorTest" name="Modulo - equals  ==== TEST CASE PASSED  " time="0.003">
                      
                    </testcase><testcase classname="com.qbrainx.demotest.CalculatorTest" name="Log -equals ==== TEST CASE PASSED" time="0.001">
                      
                    </testcase><testcase classname="com.qbrainx.demotest.CalculatorTest" name="Percentage - equals ====  TEST CASE PASSED" time="0.003">
                      
                    </testcase>
          <system-out><![CDATA[]]></system-out>
          <system-err><![CDATA[]]></system-err>
        </testsuite>